\BOOKMARK [0][-]{chapter*.5}{Introduction}{}% 1
\BOOKMARK [0][-]{chapter.1}{Dynamic Stochastic General Equilibrium \(DSGE\) model}{}% 2
\BOOKMARK [1][-]{section.1.1}{Households}{chapter.1}% 3
\BOOKMARK [2][-]{subsection.1.1.1}{Consumption and savings behavior}{section.1.1}% 4
\BOOKMARK [2][-]{subsection.1.1.2}{Labor supply decisions and the wage setting equation}{section.1.1}% 5
\BOOKMARK [2][-]{subsection.1.1.3}{Capital accumulation and investment decision}{section.1.1}% 6
\BOOKMARK [1][-]{section.1.2}{Firms}{chapter.1}% 7
\BOOKMARK [2][-]{subsection.1.2.1}{Final product sector}{section.1.2}% 8
\BOOKMARK [2][-]{subsection.1.2.2}{Intermediate product sector}{section.1.2}% 9
\BOOKMARK [1][-]{section.1.3}{The log-linearised DSGE model}{chapter.1}% 10
\BOOKMARK [1][-]{section.1.4}{Solution}{chapter.1}% 11
\BOOKMARK [2][-]{subsection.1.4.1}{klein2000using approach}{section.1.4}% 12
\BOOKMARK [2][-]{subsection.1.4.2}{Matrix theory}{section.1.4}% 13
\BOOKMARK [2][-]{subsection.1.4.3}{Schur decomposition application}{section.1.4}% 14
\BOOKMARK [2][-]{subsection.1.4.4}{uhlig1998toolkit toolkit}{section.1.4}% 15
\BOOKMARK [2][-]{subsection.1.4.5}{Linear Time Iteration procedure}{section.1.4}% 16
\BOOKMARK [2][-]{subsection.1.4.6}{Certainty-equivalence-property}{section.1.4}% 17
\BOOKMARK [0][-]{chapter.2}{Estimation}{}% 18
\BOOKMARK [1][-]{section.2.1}{Automatic differentiation}{chapter.2}% 19
\BOOKMARK [2][-]{subsection.2.1.1}{Computational graph}{section.2.1}% 20
\BOOKMARK [2][-]{subsection.2.1.2}{Forward mode}{section.2.1}% 21
\BOOKMARK [2][-]{subsection.2.1.3}{Backward mode}{section.2.1}% 22
\BOOKMARK [1][-]{section.2.2}{Tensor platform}{chapter.2}% 23
\BOOKMARK [0][-]{chapter.3}{Results}{}% 24
\BOOKMARK [0][-]{chapter.4}{Concluding remarks}{}% 25
\BOOKMARK [0][-]{chapter.4}{Bibliography}{}% 26
\BOOKMARK [0][-]{chapter*.9}{Appendix A}{}% 27
